trololo
trololo
trololo
trololo
trololo
trololo
trololo
trololo
trololo
trololo
trololo
trololo
trololo
trololo
trololo
trololo
trololo
trololo
trololo
trololo
trololo
trololo
trololo
trololo
trololo
trololo
trololo
trololo
trololo
trololo
trololo
trololo
trololo
trololo
trololo
trololo
trololo
trololo
trololo
trololo
trololo
trololo
trololo
trololo
trololo
trololo
trololo
trololo
trololo
trololo
trololo
trololo
trololo
trololo
trololo
trololo
trololo
trololo
trololo
trololo
trololo
trololo
trololo
trololo
trololo
trololo
trololo
trololo
trololo
trololo
trololo
trololo
trololo
trololo
trololo
trololo
trololo
trololo
trololo
trololo
trololo
trololo
trololo
trololo
trololo
trololo
trololo
trololo
trololo
trololo
trololo
trololo
trololo
trololo
trololo
trololo
trololo
trololo
trololo
trololo
trololo
trololo
trololo
trololo
trololo
trololo
trololo
trololo
trololo
trololo
trololo
trololo
trololo
trololo
trololo
trololo
trololo
trololo
trololo
trololo
trololo
trololo
trololo
trololo
trololo
trololo
trololo
trololo
trololo
trololo
trololo
trololo
trololo
trololo
trololo
trololo
trololo
trololo
trololo
trololo
trololo
trololo
trololo
trololo
trololo
trololo
trololo
trololo
trololo
trololo
trololo
trololo
trololo
trololo
trololo
trololo
trololo
trololo
trololo
trololo
trololo
trololo
trololo
trololo
trololo
trololo
trololo
trololo
trololo
trololo
trololo
trololo
trololo
trololo
trololo
trololo
trololo
trololo
trololo
trololo
trololo
trololo
trololo
trololo
trololo
trololo
trololo
trololo
trololo
trololo
trololo
trololo
trololo
trololo
trololo
trololo
trololo
trololo
trololo
trololo
trololo
trololo
trololo
trololo
trololo
trololo
trololo
trololo
trololo
trololo
trololo
trololo
trololo
trololo
trololo
trololo
trololo
trololo
trololo
trololo
trololo
trololo
trololo
trololo
trololo
trololo
trololo
trololo
trololo
trololo
trololo
trololo
trololo
trololo
trololo
trololo
trololo
trololo
trololo
trololo
trololo
trololo
trololo
trololo
trololo
trololo
trololo
trololo
(vkontakte) Request phase initiated.
(vkontakte) Callback phase initiated.
(vkontakte) Callback phase initiated.
(vkontakte) Authentication failure! invalid_credentials: OAuth2::Error, invalid_grant: Code is invalid or expired.
{"error":"invalid_grant","error_description":"Code is invalid or expired."}
(vkontakte) Request phase initiated.
(vkontakte) Callback phase initiated.
(vkontakte) Callback phase initiated.
(vkontakte) Authentication failure! invalid_credentials: OAuth2::Error, invalid_grant: Code is invalid or expired.
{"error":"invalid_grant","error_description":"Code is invalid or expired."}
(vkontakte) Request phase initiated.
(vkontakte) Callback phase initiated.
(vkontakte) Callback phase initiated.
(vkontakte) Authentication failure! invalid_credentials: OAuth2::Error, invalid_grant: Code is invalid or expired.
{"error":"invalid_grant","error_description":"Code is invalid or expired."}
(vkontakte) Request phase initiated.
(vkontakte) Callback phase initiated.
(vkontakte) Callback phase initiated.
(vkontakte) Authentication failure! invalid_credentials: OAuth2::Error, invalid_grant: Code is invalid or expired.
{"error":"invalid_grant","error_description":"Code is invalid or expired."}
(facebook) Request phase initiated.
(twitter) Request phase initiated.
(mailru) Request phase initiated.
(vkontakte) Request phase initiated.
(vkontakte) Callback phase initiated.
(vkontakte) Callback phase initiated.
(vkontakte) Authentication failure! invalid_credentials: OAuth2::Error, invalid_grant: Code is invalid or expired.
{"error":"invalid_grant","error_description":"Code is invalid or expired."}
(vkontakte) Request phase initiated.
(vkontakte) Callback phase initiated.
(vkontakte) Callback phase initiated.
(vkontakte) Authentication failure! invalid_credentials: OAuth2::Error, invalid_grant: Code is invalid or expired.
{"error":"invalid_grant","error_description":"Code is invalid or expired."}
(vkontakte) Request phase initiated.
(twitter) Request phase initiated.
(facebook) Request phase initiated.
(vkontakte) Request phase initiated.
(mailru) Request phase initiated.
(vkontakte) Request phase initiated.
(facebook) Request phase initiated.
(mailru) Request phase initiated.
(twitter) Request phase initiated.
(twitter) Request phase initiated.
(mailru) Request phase initiated.
(facebook) Request phase initiated.
(vkontakte) Request phase initiated.
